2013-11-15T23:14:49.462-08:00	0:0:0:0:0:0:0:1	GET	/	null	Mozilla/5.0 (Windows NT 6.1; WOW64) AppleWebKit/537.36 (KHTML, like Gecko) Chrome/30.0.1599.101 Safari/537.36	404	0	1267	36	8c8d64f0-8ccd-4163-9b94-46b93f463e24
2013-11-15T23:14:49.648-08:00	0:0:0:0:0:0:0:1	GET	/favicon.ico	null	Mozilla/5.0 (Windows NT 6.1; WOW64) AppleWebKit/537.36 (KHTML, like Gecko) Chrome/30.0.1599.101 Safari/537.36	404	0	1278	1	867c7e3d-43e2-4572-acac-3afd878d6683
2013-11-15T23:14:52.505-08:00	0:0:0:0:0:0:0:1	GET	/	null	Mozilla/5.0 (Windows NT 6.1; WOW64) AppleWebKit/537.36 (KHTML, like Gecko) Chrome/30.0.1599.101 Safari/537.36	404	0	1267	5	70c1ee59-0888-4473-aa67-547516c124f6
2013-11-16T00:21:36.925-08:00	0:0:0:0:0:0:0:1	GET	/beirut/leaders	null	Mozilla/5.0 (Windows NT 6.1; WOW64) AppleWebKit/537.36 (KHTML, like Gecko) Chrome/30.0.1599.101 Safari/537.36	404	0	1281	33	1708a569-486c-443a-993a-9f4da54215d8
2013-11-16T00:54:54.702-08:00	0:0:0:0:0:0:0:1	GET	/beirut/leaders	null	Mozilla/5.0 (Windows NT 6.1; WOW64) AppleWebKit/537.36 (KHTML, like Gecko) Chrome/30.0.1599.101 Safari/537.36	404	0	1281	4	8b94e04d-dedd-4782-b7d7-0b9ec092f8e6
2013-11-16T02:18:59.862-08:00	0:0:0:0:0:0:0:1	GET	/	null	Mozilla/5.0 (Windows NT 6.1; WOW64) AppleWebKit/537.36 (KHTML, like Gecko) Chrome/30.0.1599.101 Safari/537.36	404	0	1267	35	009999a2-7d09-4c62-96a4-6694bec0867a
2013-11-16T02:19:05.525-08:00	0:0:0:0:0:0:0:1	GET	/beirut/leaders	null	Mozilla/5.0 (Windows NT 6.1; WOW64) AppleWebKit/537.36 (KHTML, like Gecko) Chrome/30.0.1599.101 Safari/537.36	404	0	1281	5	5dd2e796-870a-4c1c-9d0a-02d06921e452
2013-11-16T02:19:21.612-08:00	0:0:0:0:0:0:0:1	GET	/beirut/leaders	null	Mozilla/5.0 (Windows NT 6.1; WOW64) AppleWebKit/537.36 (KHTML, like Gecko) Chrome/30.0.1599.101 Safari/537.36	404	0	1281	2	beb3b1b4-ab09-4938-8a2d-4a9b94e5c09b
2013-11-16T02:19:30.416-08:00	0:0:0:0:0:0:0:1	GET	/beirut/user/leaders	null	Mozilla/5.0 (Windows NT 6.1; WOW64) AppleWebKit/537.36 (KHTML, like Gecko) Chrome/30.0.1599.101 Safari/537.36	200	0	23	38	51b7be21-39aa-4160-84d3-c40f8ca8f34c
2013-11-16T02:19:34.601-08:00	0:0:0:0:0:0:0:1	GET	/beirut/user/george	null	Mozilla/5.0 (Windows NT 6.1; WOW64) AppleWebKit/537.36 (KHTML, like Gecko) Chrome/30.0.1599.101 Safari/537.36	500	0	1291	12	b837b72f-c3b0-4ccb-8b1f-1394a62ae43f
2013-11-16T02:20:30.538-08:00	0:0:0:0:0:0:0:1	GET	/beirut/user/george	null	Mozilla/5.0 (Windows NT 6.1; WOW64) AppleWebKit/537.36 (KHTML, like Gecko) Chrome/30.0.1599.101 Safari/537.36	500	0	1291	35	3c7bedd8-dcea-44b9-b148-8e6eab592fe2
2013-11-16T02:20:31.327-08:00	0:0:0:0:0:0:0:1	GET	/beirut/user/george	null	Mozilla/5.0 (Windows NT 6.1; WOW64) AppleWebKit/537.36 (KHTML, like Gecko) Chrome/30.0.1599.101 Safari/537.36	500	0	1291	5	d0f79a6a-f0c5-40a2-828f-412ba984f24a
2013-11-16T02:20:32.706-08:00	0:0:0:0:0:0:0:1	GET	/beirut/user/george	null	Mozilla/5.0 (Windows NT 6.1; WOW64) AppleWebKit/537.36 (KHTML, like Gecko) Chrome/30.0.1599.101 Safari/537.36	500	0	1291	10	6a8fe38e-c331-4b7d-bd03-9b2970783863
2013-11-16T02:20:33.466-08:00	0:0:0:0:0:0:0:1	GET	/beirut/user/george	null	Mozilla/5.0 (Windows NT 6.1; WOW64) AppleWebKit/537.36 (KHTML, like Gecko) Chrome/30.0.1599.101 Safari/537.36	500	0	1291	12	ae0eeba1-24c9-4c86-a8fb-888d67e1edc4
2013-11-16T02:22:30.244-08:00	0:0:0:0:0:0:0:1	GET	/beirut/user/george	null	Mozilla/5.0 (Windows NT 6.1; WOW64) AppleWebKit/537.36 (KHTML, like Gecko) Chrome/30.0.1599.101 Safari/537.36	500	0	1291	38	fa8676de-0a99-4ebc-bedc-c18f84bf2c4e
2013-11-16T02:22:31.281-08:00	0:0:0:0:0:0:0:1	GET	/beirut/user/george	null	Mozilla/5.0 (Windows NT 6.1; WOW64) AppleWebKit/537.36 (KHTML, like Gecko) Chrome/30.0.1599.101 Safari/537.36	500	0	1291	17	f7e1be05-92eb-4d55-bedb-9b9e75ddc190
2013-11-16T02:23:33.745-08:00	0:0:0:0:0:0:0:1	GET	/beirut/user/george	null	Mozilla/5.0 (Windows NT 6.1; WOW64) AppleWebKit/537.36 (KHTML, like Gecko) Chrome/30.0.1599.101 Safari/537.36	200	0	89	281	d38ca25d-116a-4f95-98c2-9e20df3e6c7a
2013-11-16T02:23:41.096-08:00	0:0:0:0:0:0:0:1	GET	/beirut/user/sam	null	Mozilla/5.0 (Windows NT 6.1; WOW64) AppleWebKit/537.36 (KHTML, like Gecko) Chrome/30.0.1599.101 Safari/537.36	200	0	89	2	ca0531ea-fd62-40d7-aea9-e7b8e994b4f9
2013-11-16T02:23:49.202-08:00	0:0:0:0:0:0:0:1	GET	/beirut/user/leaders	null	Mozilla/5.0 (Windows NT 6.1; WOW64) AppleWebKit/537.36 (KHTML, like Gecko) Chrome/30.0.1599.101 Safari/537.36	200	0	23	24	dea78053-ca67-4ccb-8063-c97508a80b9a
2013-11-16T02:23:52.091-08:00	0:0:0:0:0:0:0:1	GET	/beirut/user/sam	null	Mozilla/5.0 (Windows NT 6.1; WOW64) AppleWebKit/537.36 (KHTML, like Gecko) Chrome/30.0.1599.101 Safari/537.36	200	0	89	2	0396e560-4c46-45b0-90bf-56e6745fa0d6
2013-11-16T02:24:13.677-08:00	0:0:0:0:0:0:0:1	GET	/beirut/user/leaders	null	Mozilla/5.0 (Windows NT 6.1; WOW64) AppleWebKit/537.36 (KHTML, like Gecko) Chrome/30.0.1599.101 Safari/537.36	200	0	23	3	120d8df5-fb71-4d36-922f-7f2c0dfe5aa6
2013-11-16T02:35:41.420-08:00	0:0:0:0:0:0:0:1	GET	/beirut/user/leaders	null	Mozilla/5.0 (Windows NT 6.1; WOW64) AppleWebKit/537.36 (KHTML, like Gecko) Chrome/30.0.1599.101 Safari/537.36	200	0	23	5	60346597-6e36-4ecc-a427-e0e3843eaa89
2013-11-16T02:39:57.378-08:00	0:0:0:0:0:0:0:1	GET	/beirut/user/leaders	null	Mozilla/5.0 (Windows NT 6.1; WOW64) AppleWebKit/537.36 (KHTML, like Gecko) Chrome/30.0.1599.101 Safari/537.36	200	0	23	47	076c4f89-7517-4f27-a9d9-af3881fd0de5
2013-11-16T02:43:41.072-08:00	0:0:0:0:0:0:0:1	GET	/beirut/user/leaders	null	Mozilla/5.0 (Windows NT 6.1; WOW64) AppleWebKit/537.36 (KHTML, like Gecko) Chrome/30.0.1599.101 Safari/537.36	200	0	23	53	035899ff-69b8-4412-b91a-84157b8f20a2
2013-11-16T02:43:42.457-08:00	0:0:0:0:0:0:0:1	GET	/beirut/user/leaders	null	Mozilla/5.0 (Windows NT 6.1; WOW64) AppleWebKit/537.36 (KHTML, like Gecko) Chrome/30.0.1599.101 Safari/537.36	200	0	23	5	4dcec807-8467-4db4-8702-3d294645a6a6
2013-11-16T02:43:42.962-08:00	0:0:0:0:0:0:0:1	GET	/beirut/user/leaders	null	Mozilla/5.0 (Windows NT 6.1; WOW64) AppleWebKit/537.36 (KHTML, like Gecko) Chrome/30.0.1599.101 Safari/537.36	200	0	23	3	8819333c-14f8-4b2e-ab5c-75717663dfd0
2013-11-16T02:46:38.148-08:00	0:0:0:0:0:0:0:1	GET	/beirut/user/kim	null	Mozilla/5.0 (Windows NT 6.1; WOW64) AppleWebKit/537.36 (KHTML, like Gecko) Chrome/30.0.1599.101 Safari/537.36	200	0	89	151	150178f9-9fcc-4e55-aac6-1bbc98934570
2013-11-16T02:47:05.041-08:00	0:0:0:0:0:0:0:1	GET	/beirut/user/sam	null	Mozilla/5.0 (Windows NT 6.1; WOW64) AppleWebKit/537.36 (KHTML, like Gecko) Chrome/30.0.1599.101 Safari/537.36	200	0	89	2	06af9eb0-0dd4-4509-a39f-e4610feec96c
